03/20/2024	07:11:27	GET	/auth	http://localhost:5173
03/20/2024	07:11:27	GET	/auth	http://localhost:5173
03/20/2024	07:11:37	POST	/auth	http://localhost:5173
03/20/2024	17:55:44	GET	/auth	http://localhost:5173
03/20/2024	17:55:44	GET	/auth	http://localhost:5173
03/20/2024	17:57:50	GET	/auth	http://localhost:5173
03/20/2024	18:00:53	GET	/auth	http://localhost:5173
03/20/2024	18:26:00	GET	/auth/logout	undefined
03/21/2024	04:38:36	GET	/auth	http://localhost:5173
03/21/2024	04:38:36	GET	/auth	http://localhost:5173
03/21/2024	04:38:44	GET	/vend	http://localhost:5173
03/21/2024	04:38:44	GET	/auth	http://localhost:5173
03/21/2024	04:38:44	GET	/vend	http://localhost:5173
03/21/2024	04:38:44	GET	/auth	http://localhost:5173
03/21/2024	04:40:30	GET	/auth/logout	undefined
03/21/2024	04:41:18	GET	/auth/logout	undefined
03/21/2024	04:41:22	GET	/auth	http://localhost:5173
03/21/2024	04:41:22	GET	/auth	http://localhost:5173
03/21/2024	04:41:23	GET	/auth	http://localhost:5173
03/21/2024	04:41:23	GET	/auth	http://localhost:5173
03/21/2024	04:42:29	GET	/auth/logout	undefined
03/21/2024	04:42:46	GET	/auth/logout	undefined
03/21/2024	04:43:12	GET	/auth/logout	undefined
03/21/2024	04:43:40	GET	/auth/logout	undefined
03/21/2024	04:43:54	GET	/auth/logout	undefined
03/21/2024	04:47:25	GET	/auth/logout	undefined
03/21/2024	04:47:38	GET	/auth/logout	undefined
03/21/2024	04:47:51	GET	/auth/logout	undefined
03/21/2024	04:48:01	GET	/auth/logout	undefined
03/21/2024	04:48:09	GET	/auth/logout	undefined
03/21/2024	04:48:23	GET	/auth/logout	undefined
03/21/2024	04:51:29	POST	/auth/logout	undefined
03/21/2024	04:51:51	POST	/auth/logout	undefined
03/21/2024	04:54:29	POST	/auth/logout	undefined
03/21/2024	04:54:33	GET	/auth	http://localhost:5173
03/21/2024	04:54:33	GET	/auth	http://localhost:5173
03/21/2024	04:55:00	POST	/auth/logout	undefined
03/21/2024	04:55:05	GET	/auth	http://localhost:5173
03/21/2024	04:55:05	GET	/auth	http://localhost:5173
03/21/2024	04:55:59	GET	/auth	http://localhost:5173
03/21/2024	04:55:59	GET	/auth	http://localhost:5173
03/21/2024	04:56:08	POST	/auth/logout	undefined
03/21/2024	04:56:10	GET	/auth	http://localhost:5173
03/21/2024	04:56:10	GET	/auth	http://localhost:5173
03/21/2024	04:56:44	GET	/auth	http://localhost:5173
03/21/2024	04:56:44	GET	/auth	http://localhost:5173
03/21/2024	04:57:21	POST	/auth/logout	undefined
03/21/2024	04:57:27	GET	/auth	http://localhost:5173
03/21/2024	04:57:27	GET	/auth	http://localhost:5173
03/21/2024	04:57:28	GET	/auth	http://localhost:5173
03/21/2024	04:57:28	GET	/auth	http://localhost:5173
03/21/2024	04:58:09	GET	/auth	http://localhost:5173
03/21/2024	04:58:09	GET	/auth	http://localhost:5173
03/21/2024	04:58:13	POST	/auth/logout	undefined
03/21/2024	04:58:40	POST	/auth/logout	undefined
03/21/2024	04:58:53	POST	/auth/logout	undefined
03/21/2024	04:59:03	POST	/auth/logout	undefined
03/21/2024	04:59:03	POST	/auth/logout	undefined
03/21/2024	04:59:17	POST	/auth/logout	undefined
03/21/2024	04:59:25	GET	/auth	http://localhost:5173
03/21/2024	04:59:25	GET	/auth	http://localhost:5173
03/21/2024	04:59:26	GET	/auth	http://localhost:5173
03/21/2024	04:59:26	GET	/auth	http://localhost:5173
03/21/2024	05:00:56	GET	/auth/	undefined
03/21/2024	05:01:02	GET	/auth	undefined
03/21/2024	05:01:08	GET	/auth	undefined
03/21/2024	05:02:04	GET	/auth	undefined
03/21/2024	05:02:13	POST	/auth/logout	undefined
03/21/2024	05:07:29	GET	/auth	http://localhost:5173
03/21/2024	05:07:29	GET	/auth	http://localhost:5173
03/21/2024	05:07:29	GET	/auth	http://localhost:5173
03/21/2024	05:07:29	GET	/auth	http://localhost:5173
03/21/2024	05:08:21	GET	/auth	http://localhost:5173
03/21/2024	05:08:21	GET	/auth	http://localhost:5173
03/21/2024	05:08:24	GET	/auth	http://localhost:5173
03/21/2024	05:08:24	GET	/auth	http://localhost:5173
03/21/2024	05:08:47	GET	/auth/2	http://localhost:5173
03/21/2024	05:08:47	GET	/auth/2	http://localhost:5173
03/21/2024	05:08:47	GET	/auth/2	http://localhost:5173
03/21/2024	05:08:47	GET	/auth/2	http://localhost:5173
03/21/2024	05:08:53	GET	/auth/1	http://localhost:5173
03/21/2024	05:08:53	GET	/auth/1	http://localhost:5173
03/21/2024	05:08:54	GET	/auth/1	http://localhost:5173
03/21/2024	05:08:54	GET	/auth/1	http://localhost:5173
03/21/2024	05:08:55	GET	/auth/1	http://localhost:5173
03/21/2024	05:08:55	GET	/auth/1	http://localhost:5173
03/21/2024	05:08:56	GET	/auth/1	http://localhost:5173
03/21/2024	05:08:56	GET	/auth/1	http://localhost:5173
03/21/2024	05:09:07	GET	/auth/:1	http://localhost:5173
03/21/2024	05:09:07	GET	/auth/:1	http://localhost:5173
03/21/2024	05:09:07	GET	/auth/:1	http://localhost:5173
03/21/2024	05:09:07	GET	/auth/:1	http://localhost:5173
03/21/2024	05:09:08	GET	/auth/:1	http://localhost:5173
03/21/2024	05:09:08	GET	/auth/:1	http://localhost:5173
03/21/2024	05:09:11	GET	/auth/1	http://localhost:5173
03/21/2024	05:09:11	GET	/auth/1	http://localhost:5173
03/21/2024	05:09:11	GET	/auth/1	http://localhost:5173
03/21/2024	05:09:11	GET	/auth/1	http://localhost:5173
03/21/2024	05:09:17	GET	/auth/1	http://localhost:5173
03/21/2024	05:09:17	GET	/auth/1	http://localhost:5173
03/21/2024	05:09:18	GET	/auth/1	http://localhost:5173
03/21/2024	05:09:18	GET	/auth/1	http://localhost:5173
03/21/2024	05:09:21	GET	/auth/1	http://localhost:5173
03/21/2024	05:09:21	GET	/auth/1	http://localhost:5173
03/21/2024	05:09:31	GET	/auth/1	http://localhost:5173
03/21/2024	05:09:31	GET	/auth/1	http://localhost:5173
03/21/2024	05:09:43	GET	/auth/1	http://localhost:5173
03/21/2024	05:09:43	GET	/auth/1	http://localhost:5173
03/21/2024	05:09:43	GET	/auth/1	http://localhost:5173
03/21/2024	05:09:43	GET	/auth/1	http://localhost:5173
03/21/2024	05:09:44	GET	/auth/1	http://localhost:5173
03/21/2024	05:09:44	GET	/auth/1	http://localhost:5173
03/21/2024	05:09:45	GET	/auth/1	http://localhost:5173
03/21/2024	05:09:45	GET	/auth/1	http://localhost:5173
03/21/2024	05:09:46	GET	/auth/1	http://localhost:5173
03/21/2024	05:09:46	GET	/auth/1	http://localhost:5173
03/21/2024	05:09:52	GET	/auth/1	http://localhost:5173
03/21/2024	05:09:52	GET	/auth/1	http://localhost:5173
03/21/2024	05:11:23	GET	/auth/1	http://localhost:5173
03/21/2024	05:11:23	GET	/auth/1	http://localhost:5173
03/21/2024	05:11:23	GET	/auth/1	http://localhost:5173
03/21/2024	05:11:23	GET	/auth/1	http://localhost:5173
03/21/2024	05:11:45	GET	/auth/1	http://localhost:5173
03/21/2024	05:11:45	GET	/auth/1	http://localhost:5173
03/21/2024	05:11:45	GET	/auth/1	http://localhost:5173
03/21/2024	05:11:45	GET	/auth/1	http://localhost:5173
03/21/2024	05:11:51	GET	/auth/1	http://localhost:5173
03/21/2024	05:11:51	GET	/auth/1	http://localhost:5173
03/21/2024	05:11:59	POST	/auth	http://localhost:5173
03/21/2024	05:12:03	GET	/auth/1	http://localhost:5173
03/21/2024	05:12:03	GET	/auth/1	http://localhost:5173
03/21/2024	05:12:07	GET	/auth/1	http://localhost:5173
03/21/2024	05:12:07	GET	/auth/1	http://localhost:5173
03/21/2024	05:12:17	GET	/auth/1	http://localhost:5173
03/21/2024	05:12:18	GET	/auth/1	http://localhost:5173
03/21/2024	05:12:45	GET	/auth/1	http://localhost:5173
03/21/2024	05:12:45	GET	/auth/1	http://localhost:5173
03/21/2024	05:12:49	GET	/auth/1	http://localhost:5173
03/21/2024	05:12:50	GET	/auth/1	http://localhost:5173
03/21/2024	05:12:51	GET	/auth/1	http://localhost:5173
03/21/2024	05:12:51	GET	/auth/1	http://localhost:5173
03/21/2024	05:13:09	GET	/auth/1	http://localhost:5173
03/21/2024	05:13:09	GET	/auth/1	http://localhost:5173
03/21/2024	05:13:21	GET	/auth/1	http://localhost:5173
03/21/2024	05:13:22	GET	/auth/1	http://localhost:5173
03/21/2024	05:13:50	GET	/auth/1	http://localhost:5173
03/21/2024	05:13:50	GET	/auth/1	http://localhost:5173
03/21/2024	05:13:54	GET	/auth/1	http://localhost:5173
03/21/2024	05:13:54	GET	/auth/1	http://localhost:5173
03/21/2024	05:14:03	GET	/auth/2	http://localhost:5173
03/21/2024	05:14:03	GET	/auth/2	http://localhost:5173
03/21/2024	05:14:04	GET	/auth/2	http://localhost:5173
03/21/2024	05:14:05	GET	/auth/2	http://localhost:5173
03/21/2024	05:14:08	GET	/auth/1	http://localhost:5173
03/21/2024	05:14:08	GET	/auth/1	http://localhost:5173
03/21/2024	05:14:09	GET	/auth/1	http://localhost:5173
03/21/2024	05:14:09	GET	/auth/1	http://localhost:5173
03/21/2024	05:14:09	GET	/auth/1	http://localhost:5173
03/21/2024	05:14:10	GET	/auth/1	http://localhost:5173
03/21/2024	05:14:10	GET	/auth/1	http://localhost:5173
03/21/2024	05:14:14	GET	/auth/1	http://localhost:5173
03/21/2024	05:14:15	GET	/auth/1	http://localhost:5173
03/21/2024	05:14:17	GET	/parts	http://localhost:5173
03/21/2024	05:14:17	GET	/parts	http://localhost:5173
03/21/2024	05:14:17	GET	/parts	http://localhost:5173
03/21/2024	05:14:17	GET	/parts	http://localhost:5173
03/21/2024	05:14:20	GET	/auth/1	http://localhost:5173
03/21/2024	05:14:22	GET	/auth/1	http://localhost:5173
03/21/2024	05:14:29	GET	/parts	http://localhost:5173
03/21/2024	05:14:29	GET	/auth/2	http://localhost:5173
03/21/2024	05:14:29	GET	/parts	http://localhost:5173
03/21/2024	05:14:29	GET	/parts	http://localhost:5173
03/21/2024	05:14:29	GET	/parts	http://localhost:5173
03/21/2024	05:14:32	GET	/auth/1	http://localhost:5173
03/21/2024	05:14:41	GET	/parts	http://localhost:5173
03/21/2024	05:14:41	GET	/auth/2	http://localhost:5173
03/21/2024	05:14:41	GET	/parts	http://localhost:5173
03/21/2024	05:14:41	GET	/parts	http://localhost:5173
03/21/2024	05:14:41	GET	/parts	http://localhost:5173
03/21/2024	05:14:42	GET	/auth/1	http://localhost:5173
03/21/2024	05:15:44	GET	/auth/1	http://localhost:5173
03/21/2024	05:15:45	GET	/auth/2	http://localhost:5173
03/21/2024	05:15:46	GET	/auth/2	http://localhost:5173
03/21/2024	05:15:46	GET	/parts	http://localhost:5173
03/21/2024	05:15:46	GET	/parts	http://localhost:5173
03/21/2024	05:15:46	GET	/parts	http://localhost:5173
03/21/2024	05:15:46	GET	/parts	http://localhost:5173
03/21/2024	05:15:46	GET	/auth/2	http://localhost:5173
03/21/2024	05:15:46	GET	/auth/2	http://localhost:5173
03/21/2024	05:15:47	GET	/parts	http://localhost:5173
03/21/2024	05:15:47	GET	/parts	http://localhost:5173
03/21/2024	05:15:47	GET	/parts	http://localhost:5173
03/21/2024	05:15:47	GET	/parts	http://localhost:5173
03/21/2024	05:15:47	GET	/auth/2	http://localhost:5173
03/21/2024	05:15:47	GET	/auth/2	http://localhost:5173
03/21/2024	05:15:47	GET	/parts	http://localhost:5173
03/21/2024	05:15:47	GET	/parts	http://localhost:5173
03/21/2024	05:15:47	GET	/parts	http://localhost:5173
03/21/2024	05:15:47	GET	/parts	http://localhost:5173
03/21/2024	05:15:56	GET	/auth/1	http://localhost:5173
03/21/2024	05:15:56	GET	/auth/1	http://localhost:5173
03/21/2024	05:15:56	GET	/parts	http://localhost:5173
03/21/2024	05:15:56	GET	/parts	http://localhost:5173
03/21/2024	05:15:56	GET	/parts	http://localhost:5173
03/21/2024	05:15:56	GET	/parts	http://localhost:5173
03/21/2024	05:15:58	GET	/auth/1	http://localhost:5173
03/21/2024	05:15:58	GET	/auth/1	http://localhost:5173
03/21/2024	05:15:58	GET	/parts	http://localhost:5173
03/21/2024	05:15:58	GET	/parts	http://localhost:5173
03/21/2024	05:15:58	GET	/parts	http://localhost:5173
03/21/2024	05:15:58	GET	/parts	http://localhost:5173
03/21/2024	05:16:00	GET	/auth/1	http://localhost:5173
03/21/2024	05:16:00	GET	/auth/1	http://localhost:5173
03/21/2024	05:16:00	GET	/parts	http://localhost:5173
03/21/2024	05:16:00	GET	/parts	http://localhost:5173
03/21/2024	05:16:00	GET	/parts	http://localhost:5173
03/21/2024	05:16:00	GET	/parts	http://localhost:5173
03/21/2024	05:16:00	GET	/auth/1	http://localhost:5173
03/21/2024	05:16:00	GET	/auth/1	http://localhost:5173
03/21/2024	05:16:00	GET	/parts	http://localhost:5173
03/21/2024	05:16:00	GET	/parts	http://localhost:5173
03/21/2024	05:16:00	GET	/parts	http://localhost:5173
03/21/2024	05:16:00	GET	/parts	http://localhost:5173
03/21/2024	05:16:03	GET	/auth/1	http://localhost:5173
03/21/2024	05:17:17	GET	/auth/1	http://localhost:5173
03/21/2024	05:17:17	GET	/auth/1	http://localhost:5173
03/21/2024	05:17:17	GET	/parts	http://localhost:5173
03/21/2024	05:17:17	GET	/parts	http://localhost:5173
03/21/2024	05:17:17	GET	/parts	http://localhost:5173
03/21/2024	05:17:17	GET	/parts	http://localhost:5173
03/21/2024	05:17:19	GET	/auth/1	http://localhost:5173
03/21/2024	05:17:21	GET	/auth/1	http://localhost:5173
03/21/2024	05:17:21	GET	/auth/1	http://localhost:5173
03/21/2024	05:17:21	GET	/parts	http://localhost:5173
03/21/2024	05:17:21	GET	/parts	http://localhost:5173
03/21/2024	05:17:21	GET	/parts	http://localhost:5173
03/21/2024	05:17:21	GET	/parts	http://localhost:5173
03/21/2024	05:17:34	GET	/auth/1	http://localhost:5173
03/21/2024	05:17:34	GET	/auth/1	http://localhost:5173
03/21/2024	05:17:34	GET	/parts	http://localhost:5173
03/21/2024	05:17:34	GET	/parts	http://localhost:5173
03/21/2024	05:17:34	GET	/parts	http://localhost:5173
03/21/2024	05:17:34	GET	/parts	http://localhost:5173
03/21/2024	05:17:35	GET	/auth/1	http://localhost:5173
03/21/2024	05:17:35	GET	/auth/1	http://localhost:5173
03/21/2024	05:17:35	GET	/parts	http://localhost:5173
03/21/2024	05:17:35	GET	/parts	http://localhost:5173
03/21/2024	05:17:35	GET	/parts	http://localhost:5173
03/21/2024	05:17:35	GET	/parts	http://localhost:5173
03/21/2024	05:17:35	GET	/auth/1	http://localhost:5173
03/21/2024	05:17:36	GET	/auth/1	http://localhost:5173
03/21/2024	05:17:36	GET	/parts	http://localhost:5173
03/21/2024	05:17:36	GET	/parts	http://localhost:5173
03/21/2024	05:17:36	GET	/parts	http://localhost:5173
03/21/2024	05:17:36	GET	/parts	http://localhost:5173
03/21/2024	05:18:13	GET	/auth/1	http://localhost:5173
03/21/2024	05:18:13	GET	/auth/1	http://localhost:5173
03/21/2024	05:18:13	GET	/parts	http://localhost:5173
03/21/2024	05:18:13	GET	/parts	http://localhost:5173
03/21/2024	05:18:13	GET	/parts	http://localhost:5173
03/21/2024	05:18:13	GET	/parts	http://localhost:5173
03/21/2024	05:18:13	GET	/auth/1	http://localhost:5173
03/21/2024	05:18:13	GET	/auth/1	http://localhost:5173
03/21/2024	05:18:13	GET	/parts	http://localhost:5173
03/21/2024	05:18:13	GET	/parts	http://localhost:5173
03/21/2024	05:18:13	GET	/parts	http://localhost:5173
03/21/2024	05:18:13	GET	/parts	http://localhost:5173
03/21/2024	05:18:22	GET	/auth/1	http://localhost:5173
03/21/2024	05:18:22	GET	/auth/1	http://localhost:5173
03/21/2024	05:18:24	GET	/auth/1	http://localhost:5173
03/21/2024	05:18:24	GET	/auth/1	http://localhost:5173
03/21/2024	05:18:36	GET	/auth	http://localhost:5173
03/21/2024	05:18:36	GET	/auth	http://localhost:5173
03/21/2024	05:18:36	GET	/parts	http://localhost:5173
03/21/2024	05:18:36	GET	/parts	http://localhost:5173
03/21/2024	05:18:36	GET	/parts	http://localhost:5173
03/21/2024	05:18:36	GET	/parts	http://localhost:5173
03/21/2024	05:18:38	GET	/auth	http://localhost:5173
03/21/2024	05:18:38	GET	/auth	http://localhost:5173
03/21/2024	05:18:38	GET	/parts	http://localhost:5173
03/21/2024	05:18:38	GET	/parts	http://localhost:5173
03/21/2024	05:18:38	GET	/parts	http://localhost:5173
03/21/2024	05:18:38	GET	/parts	http://localhost:5173
03/21/2024	05:18:50	GET	/parts	http://localhost:5173
03/21/2024	05:18:50	GET	/auth	http://localhost:5173
03/21/2024	05:18:50	GET	/parts	http://localhost:5173
03/21/2024	05:18:50	GET	/parts	http://localhost:5173
03/21/2024	05:18:50	GET	/parts	http://localhost:5173
03/21/2024	05:18:52	GET	/auth	http://localhost:5173
03/21/2024	05:18:52	GET	/auth	http://localhost:5173
03/21/2024	05:18:52	GET	/parts	http://localhost:5173
03/21/2024	05:18:52	GET	/parts	http://localhost:5173
03/21/2024	05:18:52	GET	/parts	http://localhost:5173
03/21/2024	05:18:52	GET	/parts	http://localhost:5173
03/21/2024	05:22:21	GET	/auth	http://localhost:5173
03/21/2024	05:22:21	GET	/auth	http://localhost:5173
03/21/2024	05:22:21	GET	/parts	http://localhost:5173
03/21/2024	05:22:21	GET	/parts	http://localhost:5173
03/21/2024	05:22:21	GET	/parts	http://localhost:5173
03/21/2024	05:22:21	GET	/parts	http://localhost:5173
03/21/2024	05:22:32	GET	/auth	http://localhost:5173
03/21/2024	05:22:32	GET	/auth	http://localhost:5173
03/21/2024	05:22:32	GET	/parts	http://localhost:5173
03/21/2024	05:22:32	GET	/parts	http://localhost:5173
03/21/2024	05:22:32	GET	/parts	http://localhost:5173
03/21/2024	05:22:32	GET	/parts	http://localhost:5173
03/21/2024	05:23:17	GET	/parts	http://localhost:5173
03/21/2024	05:23:17	GET	/auth	http://localhost:5173
03/21/2024	05:23:17	GET	/parts	http://localhost:5173
03/21/2024	05:23:17	GET	/parts	http://localhost:5173
03/21/2024	05:23:17	GET	/parts	http://localhost:5173
03/21/2024	05:23:20	GET	/auth/logout	http://localhost:5173
03/21/2024	05:24:20	GET	/auth/logout	http://localhost:5173
03/21/2024	05:24:21	GET	/auth/logout	http://localhost:5173
03/21/2024	05:25:16	GET	/auth/logout	http://localhost:5173
03/21/2024	05:25:29	GET	/auth/logout	http://localhost:5173
03/21/2024	05:25:41	GET	/auth/logout	http://localhost:5173
03/21/2024	05:25:44	GET	/auth	http://localhost:5173
03/21/2024	05:25:44	GET	/auth	http://localhost:5173
03/21/2024	05:27:04	GET	/auth	http://localhost:5173
03/21/2024	05:27:04	GET	/auth	http://localhost:5173
03/21/2024	05:27:04	GET	/auth	http://localhost:5173
03/21/2024	05:27:04	GET	/auth	http://localhost:5173
03/21/2024	05:27:12	POST	/auth	http://localhost:5173
03/21/2024	05:27:12	GET	/parts	http://localhost:5173
03/21/2024	05:27:12	GET	/auth	http://localhost:5173
03/21/2024	05:27:12	GET	/parts	http://localhost:5173
03/21/2024	05:27:12	GET	/parts	http://localhost:5173
03/21/2024	05:27:12	GET	/auth	http://localhost:5173
03/21/2024	05:27:12	GET	/parts	http://localhost:5173
03/21/2024	05:27:15	GET	/auth/logout	http://localhost:5173
03/21/2024	05:27:57	GET	/auth	http://localhost:5173
03/21/2024	05:27:57	GET	/auth	http://localhost:5173
03/21/2024	05:27:57	GET	/auth	http://localhost:5173
03/21/2024	05:27:57	GET	/auth	http://localhost:5173
03/21/2024	05:28:03	POST	/auth	http://localhost:5173
03/21/2024	05:28:03	GET	/auth	http://localhost:5173
03/21/2024	05:28:25	GET	/auth	http://localhost:5173
03/21/2024	05:28:25	GET	/auth	http://localhost:5173
03/21/2024	05:28:25	GET	/auth	http://localhost:5173
03/21/2024	05:28:25	GET	/auth	http://localhost:5173
03/21/2024	05:28:26	GET	/auth	http://localhost:5173
03/21/2024	05:28:26	GET	/auth	http://localhost:5173
03/21/2024	05:28:26	GET	/auth	http://localhost:5173
03/21/2024	05:28:26	GET	/auth	http://localhost:5173
03/21/2024	05:28:28	GET	/auth	http://localhost:5173
03/21/2024	05:28:28	GET	/auth	http://localhost:5173
03/21/2024	05:28:28	GET	/auth	http://localhost:5173
03/21/2024	05:28:28	GET	/auth	http://localhost:5173
03/21/2024	05:28:33	GET	/auth	http://localhost:5173
03/21/2024	05:28:33	GET	/auth	http://localhost:5173
03/21/2024	05:28:33	GET	/auth	http://localhost:5173
03/21/2024	05:28:33	GET	/auth	http://localhost:5173
03/21/2024	05:28:46	GET	/auth	http://localhost:5173
03/21/2024	05:28:46	GET	/auth	http://localhost:5173
03/21/2024	05:28:48	GET	/auth	http://localhost:5173
03/21/2024	05:28:48	GET	/auth	http://localhost:5173
03/21/2024	05:28:50	GET	/auth/logout	http://localhost:5173
03/21/2024	05:29:25	GET	/auth	http://localhost:5173
03/21/2024	05:29:25	GET	/auth	http://localhost:5173
03/21/2024	05:29:36	POST	/auth	http://localhost:5173
03/21/2024	05:29:38	GET	/auth/logout	http://localhost:5173
